# JRE version: Java(TM) SE Runtime Environment (8.0_45-b14) (build 1.8.0_45-b14)
# Java VM: Java HotSpot(TM) 64-Bit Server VM (25.45-b02 mixed mode linux-amd64 compressed oops)
Heap:
 PSYoungGen      total 119808K, used 55354K [0x00000000eb600000, 0x00000000f5f80000, 0x0000000100000000)
  eden space 111104K, 42% used [0x00000000eb600000,0x00000000ee3965a8,0x00000000f2280000)
  from space 8704K, 99% used [0x00000000f2c00000,0x00000000f3478628,0x00000000f3480000)
  to   space 9728K, 0% used [0x00000000f2280000,0x00000000f2280000,0x00000000f2c00000)
 ParOldGen       total 44544K, used 13559K [0x00000000c2200000, 0x00000000c4d80000, 0x00000000eb600000)
  object space 44544K, 30% used [0x00000000c2200000,0x00000000c2f3de40,0x00000000c4d80000)
 Metaspace       used 41387K, capacity 41920K, committed 42152K, reserved 1085440K
  class space    used 5073K, capacity 5244K, committed 5288K, reserved 1048576K
GC Heap History (10 events):
Event: 40.562 GC heap before
{Heap before GC invocations=12 (full 1):
 PSYoungGen      total 89600K, used 89321K [0x00000000eb600000, 0x00000000f2080000, 0x0000000100000000)
  eden space 85504K, 100% used [0x00000000eb600000,0x00000000f0980000,0x00000000f0980000)
  from space 4096K, 93% used [0x00000000f1c80000,0x00000000f203a790,0x00000000f2080000)
  to   space 6144K, 0% used [0x00000000f1480000,0x00000000f1480000,0x00000000f1a80000)
 ParOldGen       total 31232K, used 7547K [0x00000000c2200000, 0x00000000c4080000, 0x00000000eb600000)
  object space 31232K, 24% used [0x00000000c2200000,0x00000000c295ee00,0x00000000c4080000)
 Metaspace       used 28671K, capacity 29000K, committed 29312K, reserved 1075200K
  class space    used 3755K, capacity 3864K, committed 3968K, reserved 1048576K
Event: 40.587 GC heap after
Heap after GC invocations=12 (full 1):
 PSYoungGen      total 102912K, used 5991K [0x00000000eb600000, 0x00000000f3680000, 0x0000000100000000)
  eden space 96768K, 0% used [0x00000000eb600000,0x00000000eb600000,0x00000000f1480000)
  from space 6144K, 97% used [0x00000000f1480000,0x00000000f1a59f70,0x00000000f1a80000)
  to   space 6656K, 0% used [0x00000000f3000000,0x00000000f3000000,0x00000000f3680000)
 ParOldGen       total 31232K, used 8541K [0x00000000c2200000, 0x00000000c4080000, 0x00000000eb600000)
  object space 31232K, 27% used [0x00000000c2200000,0x00000000c2a574d8,0x00000000c4080000)
 Metaspace       used 28671K, capacity 29000K, committed 29312K, reserved 1075200K
  class space    used 3755K, capacity 3864K, committed 3968K, reserved 1048576K
}
Event: 71.033 GC heap before
{Heap before GC invocations=13 (full 1):
 PSYoungGen      total 102912K, used 102759K [0x00000000eb600000, 0x00000000f3680000, 0x0000000100000000)
  eden space 96768K, 100% used [0x00000000eb600000,0x00000000f1480000,0x00000000f1480000)
  from space 6144K, 97% used [0x00000000f1480000,0x00000000f1a59f70,0x00000000f1a80000)
  to   space 6656K, 0% used [0x00000000f3000000,0x00000000f3000000,0x00000000f3680000)
 ParOldGen       total 31232K, used 8541K [0x00000000c2200000, 0x00000000c4080000, 0x00000000eb600000)
  object space 31232K, 27% used [0x00000000c2200000,0x00000000c2a574d8,0x00000000c4080000)
 Metaspace       used 33942K, capacity 34254K, committed 34432K, reserved 1079296K
  class space    used 4350K, capacity 4441K, committed 4480K, reserved 1048576K
Event: 71.083 GC heap after
Heap after GC invocations=13 (full 1):
 PSYoungGen      total 123392K, used 6625K [0x00000000eb600000, 0x00000000f4500000, 0x0000000100000000)
  eden space 116736K, 0% used [0x00000000eb600000,0x00000000eb600000,0x00000000f2800000)
  from space 6656K, 99% used [0x00000000f3000000,0x00000000f3678628,0x00000000f3680000)
  to   space 8192K, 0% used [0x00000000f2800000,0x00000000f2800000,0x00000000f3000000)
 ParOldGen       total 31232K, used 11137K [0x00000000c2200000, 0x00000000c4080000, 0x00000000eb600000)
  object space 31232K, 35% used [0x00000000c2200000,0x00000000c2ce07a0,0x00000000c4080000)
 Metaspace       used 33942K, capacity 34254K, committed 34432K, reserved 1079296K
  class space    used 4350K, capacity 4441K, committed 4480K, reserved 1048576K
}
Event: 551.426 GC heap before
{Heap before GC invocations=14 (full 1):
 PSYoungGen      total 123392K, used 80033K [0x00000000eb600000, 0x00000000f4500000, 0x0000000100000000)
  eden space 116736K, 62% used [0x00000000eb600000,0x00000000efdb00a8,0x00000000f2800000)
  from space 6656K, 99% used [0x00000000f3000000,0x00000000f3678628,0x00000000f3680000)
  to   space 8192K, 0% used [0x00000000f2800000,0x00000000f2800000,0x00000000f3000000)
 ParOldGen       total 31232K, used 11137K [0x00000000c2200000, 0x00000000c4080000, 0x00000000eb600000)
  object space 31232K, 35% used [0x00000000c2200000,0x00000000c2ce07a0,0x00000000c4080000)
 Metaspace       used 35071K, capacity 35360K, committed 35496K, reserved 1081344K
  class space    used 4421K, capacity 4508K, committed 4520K, reserved 1048576K
Event: 551.436 GC heap after
Heap after GC invocations=14 (full 1):
 PSYoungGen      total 114176K, used 2042K [0x00000000eb600000, 0x00000000f3480000, 0x0000000100000000)
  eden space 112128K, 0% used [0x00000000eb600000,0x00000000eb600000,0x00000000f2380000)
  from space 2048K, 99% used [0x00000000f2800000,0x00000000f29fea10,0x00000000f2a00000)
  to   space 8704K, 0% used [0x00000000f2c00000,0x00000000f2c00000,0x00000000f3480000)
 ParOldGen       total 31232K, used 12897K [0x00000000c2200000, 0x00000000c4080000, 0x00000000eb600000)
  object space 31232K, 41% used [0x00000000c2200000,0x00000000c2e98728,0x00000000c4080000)
 Metaspace       used 35071K, capacity 35360K, committed 35496K, reserved 1081344K
  class space    used 4421K, capacity 4508K, committed 4520K, reserved 1048576K
}
Event: 551.436 GC heap before
{Heap before GC invocations=15 (full 2):
 PSYoungGen      total 114176K, used 2042K [0x00000000eb600000, 0x00000000f3480000, 0x0000000100000000)
  eden space 112128K, 0% used [0x00000000eb600000,0x00000000eb600000,0x00000000f2380000)
  from space 2048K, 99% used [0x00000000f2800000,0x00000000f29fea10,0x00000000f2a00000)
  to   space 8704K, 0% used [0x00000000f2c00000,0x00000000f2c00000,0x00000000f3480000)
 ParOldGen       total 31232K, used 12897K [0x00000000c2200000, 0x00000000c4080000, 0x00000000eb600000)
  object space 31232K, 41% used [0x00000000c2200000,0x00000000c2e98728,0x00000000c4080000)
 Metaspace       used 35071K, capacity 35360K, committed 35496K, reserved 1081344K
  class space    used 4421K, capacity 4508K, committed 4520K, reserved 1048576K
Event: 551.490 GC heap after
Heap after GC invocations=15 (full 2):
 PSYoungGen      total 114176K, used 0K [0x00000000eb600000, 0x00000000f3480000, 0x0000000100000000)
  eden space 112128K, 0% used [0x00000000eb600000,0x00000000eb600000,0x00000000f2380000)
  from space 2048K, 0% used [0x00000000f2800000,0x00000000f2800000,0x00000000f2a00000)
  to   space 8704K, 0% used [0x00000000f2c00000,0x00000000f2c00000,0x00000000f3480000)
 ParOldGen       total 44544K, used 13319K [0x00000000c2200000, 0x00000000c4d80000, 0x00000000eb600000)
  object space 44544K, 29% used [0x00000000c2200000,0x00000000c2f01cf0,0x00000000c4d80000)
 Metaspace       used 35071K, capacity 35360K, committed 35496K, reserved 1081344K
  class space    used 4421K, capacity 4508K, committed 4520K, reserved 1048576K
}
Event: 584.819 GC heap before
{Heap before GC invocations=16 (full 2):
 PSYoungGen      total 114176K, used 112128K [0x00000000eb600000, 0x00000000f3480000, 0x0000000100000000)
  eden space 112128K, 100% used [0x00000000eb600000,0x00000000f2380000,0x00000000f2380000)
  from space 2048K, 0% used [0x00000000f2800000,0x00000000f2800000,0x00000000f2a00000)
  to   space 8704K, 0% used [0x00000000f2c00000,0x00000000f2c00000,0x00000000f3480000)
 ParOldGen       total 44544K, used 13319K [0x00000000c2200000, 0x00000000c4d80000, 0x00000000eb600000)
  object space 44544K, 29% used [0x00000000c2200000,0x00000000c2f01cf0,0x00000000c4d80000)
 Metaspace       used 41206K, capacity 41728K, committed 41896K, reserved 1085440K
  class space    used 5069K, capacity 5244K, committed 5288K, reserved 1048576K
Event: 584.903 GC heap after
Heap after GC invocations=16 (full 2):
 PSYoungGen      total 119808K, used 8673K [0x00000000eb600000, 0x00000000f5f80000, 0x0000000100000000)
  eden space 111104K, 0% used [0x00000000eb600000,0x00000000eb600000,0x00000000f2280000)
  from space 8704K, 99% used [0x00000000f2c00000,0x00000000f3478628,0x00000000f3480000)
  to   space 9728K, 0% used [0x00000000f2280000,0x00000000f2280000,0x00000000f2c00000)
 ParOldGen       total 44544K, used 13559K [0x00000000c2200000, 0x00000000c4d80000, 0x00000000eb600000)
  object space 44544K, 30% used [0x00000000c2200000,0x00000000c2f3de40,0x00000000c4d80000)
 Metaspace       used 41206K, capacity 41728K, committed 41896K, reserved 1085440K
  class space    used 5069K, capacity 5244K, committed 5288K, reserved 1048576K
}

